<?xml version="1.0" encoding="UTF-8"?>
<!-- Generated by org.testng.reporters.JUnitReportReporter -->
<testsuite hostname="FVFHXGJBQ6LR" failures="0" tests="2" name="com.test.Alert" time="20.547" errors="0" timestamp="2023-05-08T15:05:45 IST" skipped="1">
  <testcase classname="com.test.Alert" name="TC2" time="20.547"/>
  <system-out/>
  <testcase classname="com.test.Alert" name="TC1">
    <skipped/>
  </testcase> <!-- TC1 -->
  <system-out/>
</testsuite> <!-- com.test.Alert -->
