<?xml version="1.0" encoding="UTF-8"?>
<!-- Generated by org.testng.reporters.JUnitReportReporter -->
<testsuite hostname="FVFHXGJBQ6LR" failures="0" tests="1" name="com.test.OperationCommands" time="1.186" errors="0" timestamp="2023-05-08T09:18:36 IST" skipped="0">
  <testcase classname="com.test.OperationCommands" name="TC1" time="1.186"/>
  <system-out/>
</testsuite> <!-- com.test.OperationCommands -->
