<?xml version="1.0" encoding="UTF-8"?>
<!-- Generated by org.testng.reporters.JUnitReportReporter -->
<testsuite hostname="FVFHXGJBQ6LR" failures="0" tests="1" name="com.test.frameshandling" time="19.357" errors="0" timestamp="2023-05-08T16:13:59 IST" skipped="0">
  <testcase classname="com.test.frameshandling" name="FrameHandling" time="19.357"/>
  <system-out/>
</testsuite> <!-- com.test.frameshandling -->
