<?xml version="1.0" encoding="UTF-8"?>
<!-- Generated by org.testng.reporters.JUnitReportReporter -->
<testsuite hostname="FVFHXGJBQ6LR" failures="0" tests="1" name="testng.practice" time="2.717" errors="0" timestamp="2023-05-17T23:25:52 IST" skipped="0">
  <testcase classname="testng.practice" name="test" time="2.717"/>
  <system-out/>
</testsuite> <!-- testng.practice -->
