<?xml version="1.0" encoding="UTF-8"?>
<!-- Generated by org.testng.reporters.JUnitReportReporter -->
<testsuite hostname="FVFHXGJBQ6LR" failures="0" tests="7" name="com.test.keyboardandmouseaction" time="9.581" errors="0" timestamp="2023-05-10T22:48:47 IST" skipped="6">
  <testcase classname="com.test.keyboardandmouseaction" name="doubleClick" time="9.581"/>
  <system-out/>
  <testcase classname="com.test.keyboardandmouseaction" name="dragAndDrop">
    <skipped/>
  </testcase> <!-- dragAndDrop -->
  <system-out/>
  <testcase classname="com.test.keyboardandmouseaction" name="holdAndRelease">
    <skipped/>
  </testcase> <!-- holdAndRelease -->
  <system-out/>
  <testcase classname="com.test.keyboardandmouseaction" name="readToolTip">
    <skipped/>
  </testcase> <!-- readToolTip -->
  <system-out/>
  <testcase classname="com.test.keyboardandmouseaction" name="rightClick">
    <skipped/>
  </testcase> <!-- rightClick -->
  <system-out/>
  <testcase classname="com.test.keyboardandmouseaction" name="sendingDataInCapsOn">
    <skipped/>
  </testcase> <!-- sendingDataInCapsOn -->
  <system-out/>
  <testcase classname="com.test.keyboardandmouseaction" name="scrollingPage">
    <skipped/>
  </testcase> <!-- scrollingPage -->
  <system-out/>
</testsuite> <!-- com.test.keyboardandmouseaction -->
